CRITICAL - 2022-03-15 09:46:36 --> file_get_contents(): php_network_getaddresses: getaddrinfo failed: No such host is known. 
#0 [internal function]: CodeIgniter\Debug\Exceptions->errorHandler(2, 'file_get_conten...', 'D:\\work project...', 2725, Array)
#1 D:\work projects\Tradebox\app\Modules\Website\Controllers\HomeController.php(2725): file_get_contents('https://min-api...', true)
#2 D:\work projects\Tradebox\system\CodeIgniter.php(926): App\Modules\Website\Controllers\HomeController->coingraphdata()
#3 D:\work projects\Tradebox\system\CodeIgniter.php(412): CodeIgniter\CodeIgniter->runController(Object(App\Modules\Website\Controllers\HomeController))
#4 D:\work projects\Tradebox\system\CodeIgniter.php(320): CodeIgniter\CodeIgniter->handleRequest(NULL, Object(Config\Cache), false)
#5 D:\work projects\Tradebox\index.php(64): CodeIgniter\CodeIgniter->run()
#6 {main}
CRITICAL - 2022-03-15 09:51:46 --> file_get_contents(): php_network_getaddresses: getaddrinfo failed: No such host is known. 
#0 [internal function]: CodeIgniter\Debug\Exceptions->errorHandler(2, 'file_get_conten...', 'D:\\work project...', 2725, Array)
#1 D:\work projects\Tradebox\app\Modules\Website\Controllers\HomeController.php(2725): file_get_contents('https://min-api...', true)
#2 D:\work projects\Tradebox\system\CodeIgniter.php(926): App\Modules\Website\Controllers\HomeController->coingraphdata()
#3 D:\work projects\Tradebox\system\CodeIgniter.php(412): CodeIgniter\CodeIgniter->runController(Object(App\Modules\Website\Controllers\HomeController))
#4 D:\work projects\Tradebox\system\CodeIgniter.php(320): CodeIgniter\CodeIgniter->handleRequest(NULL, Object(Config\Cache), false)
#5 D:\work projects\Tradebox\index.php(64): CodeIgniter\CodeIgniter->run()
#6 {main}
CRITICAL - 2022-03-15 15:26:10 --> Unable to connect to the database.
#0 D:\work projects\Tradebox\system\Database\BaseConnection.php(646): CodeIgniter\Database\BaseConnection->initialize()
#1 D:\work projects\Tradebox\system\Controller.php(130): CodeIgniter\Database\BaseConnection->query('SET SESSION sql...')
#2 D:\work projects\Tradebox\app\Modules\Website\Controllers\BaseController.php(57): CodeIgniter\Controller->initController(Object(CodeIgniter\HTTP\IncomingRequest), Object(CodeIgniter\HTTP\Response), Object(CodeIgniter\Log\Logger))
#3 D:\work projects\Tradebox\system\CodeIgniter.php(899): App\Modules\Website\Controllers\BaseController->initController(Object(CodeIgniter\HTTP\IncomingRequest), Object(CodeIgniter\HTTP\Response), Object(CodeIgniter\Log\Logger))
#4 D:\work projects\Tradebox\system\CodeIgniter.php(407): CodeIgniter\CodeIgniter->createController()
#5 D:\work projects\Tradebox\system\CodeIgniter.php(320): CodeIgniter\CodeIgniter->handleRequest(NULL, Object(Config\Cache), false)
#6 D:\work projects\Tradebox\index.php(64): CodeIgniter\CodeIgniter->run()
#7 {main}
CRITICAL - 2022-03-15 15:54:16 --> A non-numeric value encountered
#0 D:\work projects\Tradebox\app\Modules\Website\Controllers\HomeController.php(2657): CodeIgniter\Debug\Exceptions->errorHandler(2, 'A non-numeric v...', 'D:\\work project...', 2657, Array)
#1 D:\work projects\Tradebox\system\CodeIgniter.php(926): App\Modules\Website\Controllers\HomeController->tradecharthistory()
#2 D:\work projects\Tradebox\system\CodeIgniter.php(412): CodeIgniter\CodeIgniter->runController(Object(App\Modules\Website\Controllers\HomeController))
#3 D:\work projects\Tradebox\system\CodeIgniter.php(320): CodeIgniter\CodeIgniter->handleRequest(NULL, Object(Config\Cache), false)
#4 D:\work projects\Tradebox\index.php(64): CodeIgniter\CodeIgniter->run()
#5 {main}
CRITICAL - 2022-03-15 15:54:34 --> A non-numeric value encountered
#0 D:\work projects\Tradebox\app\Modules\Website\Controllers\HomeController.php(2657): CodeIgniter\Debug\Exceptions->errorHandler(2, 'A non-numeric v...', 'D:\\work project...', 2657, Array)
#1 D:\work projects\Tradebox\system\CodeIgniter.php(926): App\Modules\Website\Controllers\HomeController->tradecharthistory()
#2 D:\work projects\Tradebox\system\CodeIgniter.php(412): CodeIgniter\CodeIgniter->runController(Object(App\Modules\Website\Controllers\HomeController))
#3 D:\work projects\Tradebox\system\CodeIgniter.php(320): CodeIgniter\CodeIgniter->handleRequest(NULL, Object(Config\Cache), false)
#4 D:\work projects\Tradebox\index.php(64): CodeIgniter\CodeIgniter->run()
#5 {main}
CRITICAL - 2022-03-15 16:11:31 --> Trying to get property 'language' of non-object
#0 D:\work projects\Tradebox\app\Modules\Website\Controllers\HomeController.php(3883): CodeIgniter\Debug\Exceptions->errorHandler(8, 'Trying to get p...', 'D:\\work project...', 3883, Array)
#1 D:\work projects\Tradebox\app\Modules\Website\Controllers\HomeController.php(168): App\Modules\Website\Controllers\HomeController->langSet()
#2 D:\work projects\Tradebox\system\CodeIgniter.php(926): App\Modules\Website\Controllers\HomeController->exchange_page()
#3 D:\work projects\Tradebox\system\CodeIgniter.php(412): CodeIgniter\CodeIgniter->runController(Object(App\Modules\Website\Controllers\HomeController))
#4 D:\work projects\Tradebox\system\CodeIgniter.php(320): CodeIgniter\CodeIgniter->handleRequest(NULL, Object(Config\Cache), false)
#5 D:\work projects\Tradebox\index.php(64): CodeIgniter\CodeIgniter->run()
#6 {main}
CRITICAL - 2022-03-15 16:14:19 --> Trying to get property 'full_name' of non-object
#0 D:\work projects\Tradebox\app\Views\website\tradebox_Default_Theme\exchange_theme.php(248): CodeIgniter\Debug\Exceptions->errorHandler(8, 'Trying to get p...', 'D:\\work project...', 248, Array)
#1 D:\work projects\Tradebox\system\View\View.php(246): include('D:\\work project...')
#2 D:\work projects\Tradebox\system\Common.php(1119): CodeIgniter\View\View->render('website/tradebo...', Array, true)
#3 D:\work projects\Tradebox\app\Modules\Website\Controllers\HomeController.php(205): view('website/tradebo...', Array)
#4 D:\work projects\Tradebox\system\CodeIgniter.php(926): App\Modules\Website\Controllers\HomeController->exchange_page()
#5 D:\work projects\Tradebox\system\CodeIgniter.php(412): CodeIgniter\CodeIgniter->runController(Object(App\Modules\Website\Controllers\HomeController))
#6 D:\work projects\Tradebox\system\CodeIgniter.php(320): CodeIgniter\CodeIgniter->handleRequest(NULL, Object(Config\Cache), false)
#7 D:\work projects\Tradebox\index.php(64): CodeIgniter\CodeIgniter->run()
#8 {main}
